loading tensor /storage/home/hcoda1/3/jtronge3/scratch/tensors/amazon-reviews.tns
io took 638.7370 seconds
==> calculate_dimension_time=2.998959995s
==> redistribute_time=15.201094973s
==> compute_global_nnz_time=0.000027455s
==> sort_slice_time=617.813471212s
==> compute_fibers_per_slice_time=16.540342182s
==> compute_nnzs_per_fiber_time=18.728201892s
==> total_time=672.432218064s
dims: 4821207x1774269x1805187
nnzs: 1741809018
density: 1.127984402450776e-10
fiber_density: 6.242537962798246e-5
fibers_per_slice_mean: 112.6894837744988
fibers_per_slice_std_dev: 515.8159861380535
fibers_per_slice_cv: 4.577321404455494
fibers_per_slice_imbalance: 0.9998739921125629
nnz_per_fiber_mean: 0.00020013477577519357
nnz_per_fiber_std_dev: 0.8425313616639095
nnz_per_fiber_cv: 4209.819899617566
nnz_per_fiber_imbalance: 0.9999999994403249
