loading tensor /storage/home/hcoda1/3/jtronge3/scratch/tensors/patents.tns
io took 1293.8410 seconds
==> calculate_dimension_time=6.208180695s
==> redistribute_time=41.210029041s
==> compute_global_nnz_time=0.17686807s
==> sort_slice_time=241.751907289s
==> compute_fibers_per_slice_time=1345.500252015s
==> compute_nnzs_per_fiber_time=32.031819085s
==> total_time=1667.639054271s
dims: 46x239172x239172
nnzs: 3596640708
density: 1.366842749568223e-3
fiber_density: 6.561471315167764e-1
fibers_per_slice_mean: 156932.02173913043
fibers_per_slice_std_dev: 49713.19559121939
fibers_per_slice_cv: 0.3167817188633311
fibers_per_slice_imbalance: 0.2540190058509748
nnz_per_fiber_mean: 326.910514099731
nnz_per_fiber_std_dev: 1711.5626228921337
nnz_per_fiber_cv: 5.235569212588816
nnz_per_fiber_imbalance: 0.9972575541584198
